<?xml version="1.0" encoding="UTF-8"?>
<!-- Generated by org.testng.reporters.JUnitReportReporter -->
<testsuite hostname="DESKTOP-3MH14JB" failures="0" tests="1" name="testcases.SignUpTestCases" time="25.331" errors="0" timestamp="2022-12-15T12:06:06 IST" skipped="0">
  <testcase classname="testcases.SignUpTestCases" name="verifysignup" time="25.331"/>
  <system-out/>
</testsuite> <!-- testcases.SignUpTestCases -->
