<?xml version="1.0" encoding="UTF-8"?>
<!-- Generated by org.testng.reporters.JUnitReportReporter -->
<testsuite hostname="DESKTOP-3MH14JB" failures="0" tests="1" name="testcases.SignUpTestCases" time="9.889" errors="0" timestamp="2022-12-18T17:26:46 IST" skipped="0">
  <testcase classname="testcases.SignUpTestCases" name="verifysignup" time="9.889"/>
  <system-out/>
</testsuite> <!-- testcases.SignUpTestCases -->
